<?xml version="1.0" encoding="UTF-8" ?>
<testsuite tests="23" failures="0" name="com.codenjoy.dojo.snakebattle.client.ClosestBestSolverTest" time="0.76" errors="0" skipped="2">
  <properties>
[...]
</properties>
  <testcase classname="com.codenjoy.dojo.snakebattle.client.ClosestBestSolverTest" name="dontBeAfraidOfASleepingHead" time="0.171"/>
  <testcase classname="com.codenjoy.dojo.snakebattle.client.ClosestBestSolverTest" name="avoidCollisionSmallerLengthNonFury" time="0.004"/>
  <testcase classname="com.codenjoy.dojo.snakebattle.client.ClosestBestSolverTest" name="avoidCollisionEqualLengthNonFury" time="0.004"/>
  <testcase classname="com.codenjoy.dojo.snakebattle.client.ClosestBestSolverTest" name="trivialCases" time="0.018"/>
  <testcase classname="com.codenjoy.dojo.snakebattle.client.ClosestBestSolverTest" name="avoidCollisionBiggerLengthEnemyFury" time="0.004"/>
  <testcase classname="com.codenjoy.dojo.snakebattle.client.ClosestBestSolverTest" name="avoidCollisionBiggerBy1LengthNonFury" time="0.005"/>
  <testcase classname="com.codenjoy.dojo.snakebattle.client.ClosestBestSolverTest" name="preferStonesIfLong" time="0.048"/>
  <testcase classname="com.codenjoy.dojo.snakebattle.client.ClosestBestSolverTest" name="investigation1" time="0.082"/>
  <testcase classname="com.codenjoy.dojo.snakebattle.client.ClosestBestSolverTest" name="investigation2" time="0.051"/>
  <testcase classname="com.codenjoy.dojo.snakebattle.client.ClosestBestSolverTest" name="investigation3" time="0.045"/>
  <testcase classname="com.codenjoy.dojo.snakebattle.client.ClosestBestSolverTest" name="investigation4" time="0.082"/>
  <testcase classname="com.codenjoy.dojo.snakebattle.client.ClosestBestSolverTest" name="investigation5" time="0.049"/>
  <testcase classname="com.codenjoy.dojo.snakebattle.client.ClosestBestSolverTest" name="takeCollisionBiggerBy2LengthNonFury" time="0.003"/>
  <testcase classname="com.codenjoy.dojo.snakebattle.client.ClosestBestSolverTest" name="takeCollisionSmallerButFury" time="0.004"/>
  <testcase classname="com.codenjoy.dojo.snakebattle.client.ClosestBestSolverTest" name="avoidDynamicDeadend1" time="0.004">
    <skipped/>
  </testcase>
  <testcase classname="com.codenjoy.dojo.snakebattle.client.ClosestBestSolverTest" name="avoidDynamicDeadend2" time="0.004">
    <skipped/>
  </testcase>
  <testcase classname="com.codenjoy.dojo.snakebattle.client.ClosestBestSolverTest" name="lucrativityTest1" time="0.003"/>
  <testcase classname="com.codenjoy.dojo.snakebattle.client.ClosestBestSolverTest" name="lucrativityTest2" time="0.003"/>
  <testcase classname="com.codenjoy.dojo.snakebattle.client.ClosestBestSolverTest" name="goBehind" time="0.003"/>
  <testcase classname="com.codenjoy.dojo.snakebattle.client.ClosestBestSolverTest" name="avoidCollisionEqualLengthFury" time="0.003"/>
  <testcase classname="com.codenjoy.dojo.snakebattle.client.ClosestBestSolverTest" name="avoidDeadEnds1" time="0.045"/>
  <testcase classname="com.codenjoy.dojo.snakebattle.client.ClosestBestSolverTest" name="avoidDeadEnds2" time="0.044"/>
  <testcase classname="com.codenjoy.dojo.snakebattle.client.ClosestBestSolverTest" name="preferApplesOrGoldWhenShort" time="0.081"/>
</testsuite>